Compiling the CXX compiler identification source file "CMakeCXXCompilerId.cpp" failed.
Compiler: C:/MinGW/bin/c++.exe 
Build flags: 
Id flags:  

The output was:
1
c++.exe: fatal error: -fuse-linker-plugin, but liblto_plugin-0.dll not found
compilation terminated.


Detecting CXX compiler ABI info failed to compile with the following output:
Change Dir: F:/Dynamic_allocation_doha_eid/task1-dynamic-memory-allocation-2abc320-task-1_dynamic_memory/cmake-build-debug/CMakeFiles/CMakeTmp

Run Build Command(s):C:/MinGW/bin/mingw32-make.exe -f Makefile cmTC_50523/fast && C:/MinGW/bin/mingw32-make.exe  -f CMakeFiles\cmTC_50523.dir\build.make CMakeFiles/cmTC_50523.dir/build
mingw32-make.exe[1]: Entering directory 'F:/Dynamic_allocation_doha_eid/task1-dynamic-memory-allocation-2abc320-task-1_dynamic_memory/cmake-build-debug/CMakeFiles/CMakeTmp'
Building CXX object CMakeFiles/cmTC_50523.dir/CMakeCXXCompilerABI.cpp.obj
C:\MinGW\bin\c++.exe   -v -o CMakeFiles\cmTC_50523.dir\CMakeCXXCompilerABI.cpp.obj -c "D:\CLion 2021.2.3\bin\cmake\win\share\cmake-3.20\Modules\CMakeCXXCompilerABI.cpp"
Using built-in specs.
COLLECT_GCC=C:\MinGW\bin\c++.exe
Target: mingw32
Configured with: ../src/gcc-6.3.0/configure --build=x86_64-pc-linux-gnu --host=mingw32 --with-gmp=/mingw --with-mpfr=/mingw --with-mpc=/mingw --with-isl=/mingw --prefix=/mingw --disable-win32-registry --target=mingw32 --with-arch=i586 --enable-languages=c,c++,objc,obj-c++,fortran,ada --with-pkgversion='MinGW.org GCC-6.3.0-1' --enable-static --enable-shared --enable-threads --with-dwarf2 --disable-sjlj-exceptions --enable-version-specific-runtime-libs --with-libiconv-prefix=/mingw --with-libintl-prefix=/mingw --enable-libstdcxx-debug --with-tune=generic --enable-libgomp --disable-libvtv --enable-nls
Thread model: win32
gcc version 6.3.0 (MinGW.org GCC-6.3.0-1) 
COLLECT_GCC_OPTIONS='-v' '-o' 'CMakeFiles\cmTC_50523.dir\CMakeCXXCompilerABI.cpp.obj' '-c' '-shared-libgcc' '-mtune=generic' '-march=i586'
 c:/mingw/bin/../libexec/gcc/mingw32/6.3.0/cc1plus.exe -quiet -v -iprefix c:\mingw\bin\../lib/gcc/mingw32/6.3.0/ D:\CLion 2021.2.3\bin\cmake\win\share\cmake-3.20\Modules\CMakeCXXCompilerABI.cpp -quiet -dumpbase CMakeCXXCompilerABI.cpp -mtune=generic -march=i586 -auxbase-strip CMakeFiles\cmTC_50523.dir\CMakeCXXCompilerABI.cpp.obj -version -o C:\Users\w\AppData\Local\Temp\ccxbg3xJ.s
GNU C++14 (MinGW.org GCC-6.3.0-1) version 6.3.0 (mingw32)
	compiled by GNU C version 6.3.0, GMP version 6.1.2, MPFR version 3.1.5, MPC version 1.0.2, isl version 0.15
warning: MPC header version 1.0.2 differs from library version 1.0.3.
GGC heuristics: --param ggc-min-expand=100 --param ggc-min-heapsize=131072
ignoring nonexistent directory "c:\mingw\bin\../lib/gcc/mingw32/6.3.0/include-fixed"
ignoring duplicate directory "c:/mingw/lib/gcc/../../lib/gcc/mingw32/6.3.0/include/c++"
ignoring duplicate directory "c:/mingw/lib/gcc/../../lib/gcc/mingw32/6.3.0/include/c++/mingw32"
ignoring duplicate directory "c:/mingw/lib/gcc/../../lib/gcc/mingw32/6.3.0/include/c++/backward"
ignoring duplicate directory "c:/mingw/lib/gcc/../../lib/gcc/mingw32/6.3.0/include"
ignoring nonexistent directory "/mingw/include"
ignoring duplicate directory "c:/mingw/lib/gcc/../../include"
ignoring nonexistent directory "c:/mingw/lib/gcc/../../lib/gcc/mingw32/6.3.0/include-fixed"
ignoring duplicate directory "c:/mingw/lib/gcc/../../lib/gcc/mingw32/6.3.0/../../../../mingw32/include"
ignoring nonexistent directory "/mingw/include"
#include "..." search starts here:
#include <...> search starts here:
 c:\mingw\bin\../lib/gcc/mingw32/6.3.0/include/c++
 c:\mingw\bin\../lib/gcc/mingw32/6.3.0/include/c++/mingw32
 c:\mingw\bin\../lib/gcc/mingw32/6.3.0/include/c++/backward
 c:\mingw\bin\../lib/gcc/mingw32/6.3.0/include
 c:\mingw\bin\../lib/gcc/mingw32/6.3.0/../../../../include
 c:\mingw\bin\../lib/gcc/mingw32/6.3.0/../../../../mingw32/include
End of search list.
GNU C++14 (MinGW.org GCC-6.3.0-1) version 6.3.0 (mingw32)
	compiled by GNU C version 6.3.0, GMP version 6.1.2, MPFR version 3.1.5, MPC version 1.0.2, isl version 0.15
warning: MPC header version 1.0.2 differs from library version 1.0.3.
GGC heuristics: --param ggc-min-expand=100 --param ggc-min-heapsize=131072
Compiler executable checksum: af09a87986453bf79da3565f33c7648f
COLLECT_GCC_OPTIONS='-v' '-o' 'CMakeFiles\cmTC_50523.dir\CMakeCXXCompilerABI.cpp.obj' '-c' '-shared-libgcc' '-mtune=generic' '-march=i586'
 c:/mingw/bin/../lib/gcc/mingw32/6.3.0/../../../../mingw32/bin/as.exe -v -o CMakeFiles\cmTC_50523.dir\CMakeCXXCompilerABI.cpp.obj C:\Users\w\AppData\Local\Temp\ccxbg3xJ.s
GNU assembler version 2.28 (mingw32) using BFD version (GNU Binutils) 2.28
COMPILER_PATH=c:/mingw/bin/../libexec/gcc/mingw32/6.3.0/;c:/mingw/bin/../libexec/gcc/;c:/mingw/bin/../lib/gcc/mingw32/6.3.0/../../../../mingw32/bin/
LIBRARY_PATH=c:/mingw/bin/../lib/gcc/mingw32/6.3.0/;c:/mingw/bin/../lib/gcc/;c:/mingw/bin/../lib/gcc/mingw32/6.3.0/../../../../mingw32/lib/;c:/mingw/bin/../lib/gcc/mingw32/6.3.0/../../../
COLLECT_GCC_OPTIONS='-v' '-o' 'CMakeFiles\cmTC_50523.dir\CMakeCXXCompilerABI.cpp.obj' '-c' '-shared-libgcc' '-mtune=generic' '-march=i586'
Linking CXX executable cmTC_50523.exe
"D:\CLion 2021.2.3\bin\cmake\win\bin\cmake.exe" -E cmake_link_script CMakeFiles\cmTC_50523.dir\link.txt --verbose=1
"D:\CLion 2021.2.3\bin\cmake\win\bin\cmake.exe" -E rm -f CMakeFiles\cmTC_50523.dir/objects.a
C:\Users\w\gcc\bin\ar.exe cr CMakeFiles\cmTC_50523.dir/objects.a @CMakeFiles\cmTC_50523.dir\objects1.rsp
C:\MinGW\bin\c++.exe  -v -Wl,--whole-archive CMakeFiles\cmTC_50523.dir/objects.a -Wl,--no-whole-archive -o cmTC_50523.exe -Wl,--out-implib,libcmTC_50523.dll.a -Wl,--major-image-version,0,--minor-image-version,0 
Using built-in specs.
COLLECT_GCC=C:\MinGW\bin\c++.exe
Target: mingw32
Configured with: ../src/gcc-6.3.0/configure --build=x86_64-pc-linux-gnu --host=mingw32 --with-gmp=/mingw --with-mpfr=/mingw --with-mpc=/mingw --with-isl=/mingw --prefix=/mingw --disable-win32-registry --target=mingw32 --with-arch=i586 --enable-languages=c,c++,objc,obj-c++,fortran,ada --with-pkgversion='MinGW.org GCC-6.3.0-1' --enable-static --enable-shared --enable-threads --with-dwarf2 --disable-sjlj-exceptions --enable-version-specific-runtime-libs --with-libiconv-prefix=/mingw --with-libintl-prefix=/mingw --enable-libstdcxx-debug --with-tune=generic --enable-libgomp --disable-libvtv --enable-nls
Thread model: win32
gcc version 6.3.0 (MinGW.org GCC-6.3.0-1) 
c++.exe: fatal error: -fuse-linker-plugin, but liblto_plugin-0.dll not found
compilation terminated.
CMakeFiles\cmTC_50523.dir\build.make:98: recipe for target 'cmTC_50523.exe' failed
mingw32-make.exe[1]: *** [cmTC_50523.exe] Error 1
mingw32-make.exe[1]: Leaving directory 'F:/Dynamic_allocation_doha_eid/task1-dynamic-memory-allocation-2abc320-task-1_dynamic_memory/cmake-build-debug/CMakeFiles/CMakeTmp'
Makefile:126: recipe for target 'cmTC_50523/fast' failed
mingw32-make.exe: *** [cmTC_50523/fast] Error 2




Determining if the CXX compiler works failed with the following output:
Change Dir: F:/Dynamic_allocation_doha_eid/task1-dynamic-memory-allocation-2abc320-task-1_dynamic_memory/cmake-build-debug/CMakeFiles/CMakeTmp

Run Build Command(s):C:/MinGW/bin/mingw32-make.exe -f Makefile cmTC_90b8b/fast && C:/MinGW/bin/mingw32-make.exe  -f CMakeFiles\cmTC_90b8b.dir\build.make CMakeFiles/cmTC_90b8b.dir/build
mingw32-make.exe[1]: Entering directory 'F:/Dynamic_allocation_doha_eid/task1-dynamic-memory-allocation-2abc320-task-1_dynamic_memory/cmake-build-debug/CMakeFiles/CMakeTmp'
Building CXX object CMakeFiles/cmTC_90b8b.dir/testCXXCompiler.cxx.obj
C:\MinGW\bin\c++.exe    -o CMakeFiles\cmTC_90b8b.dir\testCXXCompiler.cxx.obj -c F:\Dynamic_allocation_doha_eid\task1-dynamic-memory-allocation-2abc320-task-1_dynamic_memory\cmake-build-debug\CMakeFiles\CMakeTmp\testCXXCompiler.cxx
Linking CXX executable cmTC_90b8b.exe
"D:\CLion 2021.2.3\bin\cmake\win\bin\cmake.exe" -E cmake_link_script CMakeFiles\cmTC_90b8b.dir\link.txt --verbose=1
"D:\CLion 2021.2.3\bin\cmake\win\bin\cmake.exe" -E rm -f CMakeFiles\cmTC_90b8b.dir/objects.a
C:\Users\w\gcc\bin\ar.exe cr CMakeFiles\cmTC_90b8b.dir/objects.a @CMakeFiles\cmTC_90b8b.dir\objects1.rsp
C:\MinGW\bin\c++.exe -Wl,--whole-archive CMakeFiles\cmTC_90b8b.dir/objects.a -Wl,--no-whole-archive -o cmTC_90b8b.exe -Wl,--out-implib,libcmTC_90b8b.dll.a -Wl,--major-image-version,0,--minor-image-version,0 @CMakeFiles\cmTC_90b8b.dir\linklibs.rsp
c++.exe: fatal error: -fuse-linker-plugin, but liblto_plugin-0.dll not found
compilation terminated.
CMakeFiles\cmTC_90b8b.dir\build.make:99: recipe for target 'cmTC_90b8b.exe' failed
mingw32-make.exe[1]: *** [cmTC_90b8b.exe] Error 1
mingw32-make.exe[1]: Leaving directory 'F:/Dynamic_allocation_doha_eid/task1-dynamic-memory-allocation-2abc320-task-1_dynamic_memory/cmake-build-debug/CMakeFiles/CMakeTmp'
Makefile:126: recipe for target 'cmTC_90b8b/fast' failed
mingw32-make.exe: *** [cmTC_90b8b/fast] Error 2



